[0.072s] DEBUG:colcon:Command line arguments: ['/usr/bin/colcon', 'build']
[0.072s] DEBUG:colcon:Parsed command line arguments: Namespace(log_base=None, log_level=None, verb_name='build', build_base='build', install_base='install', merge_install=False, symlink_install=False, test_result_base=None, continue_on_error=False, executor='parallel', parallel_workers=16, event_handlers=None, ignore_user_meta=False, metas=['./colcon.meta'], base_paths=['.'], packages_ignore=None, packages_ignore_regex=None, paths=None, packages_up_to=None, packages_up_to_regex=None, packages_above=None, packages_above_and_dependencies=None, packages_above_depth=None, packages_select_by_dep=None, packages_skip_by_dep=None, packages_skip_up_to=None, packages_select_build_failed=False, packages_skip_build_finished=False, packages_select_test_failures=False, packages_skip_test_passed=False, packages_select=None, packages_skip=None, packages_select_regex=None, packages_skip_regex=None, packages_start=None, packages_end=None, allow_overriding=[], cmake_args=None, cmake_target=None, cmake_target_skip_unavailable=False, cmake_clean_cache=False, cmake_clean_first=False, cmake_force_configure=False, ament_cmake_args=None, catkin_cmake_args=None, catkin_skip_building_tests=False, mixin_files=None, mixin=None, verb_parser=<colcon_mixin.mixin.mixin_argument.MixinArgumentDecorator object at 0x7f9e952cf730>, verb_extension=<colcon_core.verb.build.BuildVerb object at 0x7f9e954a84c0>, main=<bound method BuildVerb.main of <colcon_core.verb.build.BuildVerb object at 0x7f9e954a84c0>>, mixin_verb=('build',))
[0.175s] Level 1:colcon.colcon_core.package_discovery:discover_packages(colcon_meta) check parameters
[0.176s] Level 1:colcon.colcon_core.package_discovery:discover_packages(recursive) check parameters
[0.176s] Level 1:colcon.colcon_core.package_discovery:discover_packages(ignore) check parameters
[0.176s] Level 1:colcon.colcon_core.package_discovery:discover_packages(path) check parameters
[0.176s] Level 1:colcon.colcon_core.package_discovery:discover_packages(colcon_meta) discover
[0.176s] Level 1:colcon.colcon_core.package_discovery:discover_packages(recursive) discover
[0.176s] INFO:colcon.colcon_core.package_discovery:Crawling recursively for packages in '/home/sukira/ros/manchester/motrol_control'
[0.176s] Level 1:colcon.colcon_core.package_identification:_identify(.) by extensions ['ignore', 'ignore_ament_install']
[0.176s] Level 1:colcon.colcon_core.package_identification:_identify(.) by extension 'ignore'
[0.176s] Level 1:colcon.colcon_core.package_identification:_identify(.) by extension 'ignore_ament_install'
[0.176s] Level 1:colcon.colcon_core.package_identification:_identify(.) by extensions ['colcon_pkg']
[0.176s] Level 1:colcon.colcon_core.package_identification:_identify(.) by extension 'colcon_pkg'
[0.176s] Level 1:colcon.colcon_core.package_identification:_identify(.) by extensions ['colcon_meta']
[0.176s] Level 1:colcon.colcon_core.package_identification:_identify(.) by extension 'colcon_meta'
[0.176s] Level 1:colcon.colcon_core.package_identification:_identify(.) by extensions ['ros']
[0.176s] Level 1:colcon.colcon_core.package_identification:_identify(.) by extension 'ros'
[0.182s] Level 1:colcon.colcon_core.package_identification:_identify(.) by extensions ['cmake', 'python']
[0.182s] Level 1:colcon.colcon_core.package_identification:_identify(.) by extension 'cmake'
[0.182s] Level 1:colcon.colcon_core.package_identification:_identify(.) by extension 'python'
[0.182s] Level 1:colcon.colcon_core.package_identification:_identify(.) by extensions ['python_setup_py']
[0.182s] Level 1:colcon.colcon_core.package_identification:_identify(.) by extension 'python_setup_py'
[0.182s] Level 1:colcon.colcon_core.package_identification:_identify(build) by extensions ['ignore', 'ignore_ament_install']
[0.182s] Level 1:colcon.colcon_core.package_identification:_identify(build) by extension 'ignore'
[0.182s] Level 1:colcon.colcon_core.package_identification:_identify(build) ignored
[0.182s] Level 1:colcon.colcon_core.package_identification:_identify(install) by extensions ['ignore', 'ignore_ament_install']
[0.182s] Level 1:colcon.colcon_core.package_identification:_identify(install) by extension 'ignore'
[0.182s] Level 1:colcon.colcon_core.package_identification:_identify(install) ignored
[0.182s] Level 1:colcon.colcon_core.package_identification:_identify(log) by extensions ['ignore', 'ignore_ament_install']
[0.182s] Level 1:colcon.colcon_core.package_identification:_identify(log) by extension 'ignore'
[0.182s] Level 1:colcon.colcon_core.package_identification:_identify(log) ignored
[0.182s] Level 1:colcon.colcon_core.package_identification:_identify(src) by extensions ['ignore', 'ignore_ament_install']
[0.182s] Level 1:colcon.colcon_core.package_identification:_identify(src) by extension 'ignore'
[0.182s] Level 1:colcon.colcon_core.package_identification:_identify(src) by extension 'ignore_ament_install'
[0.182s] Level 1:colcon.colcon_core.package_identification:_identify(src) by extensions ['colcon_pkg']
[0.182s] Level 1:colcon.colcon_core.package_identification:_identify(src) by extension 'colcon_pkg'
[0.182s] Level 1:colcon.colcon_core.package_identification:_identify(src) by extensions ['colcon_meta']
[0.182s] Level 1:colcon.colcon_core.package_identification:_identify(src) by extension 'colcon_meta'
[0.182s] Level 1:colcon.colcon_core.package_identification:_identify(src) by extensions ['ros']
[0.182s] Level 1:colcon.colcon_core.package_identification:_identify(src) by extension 'ros'
[0.182s] Level 1:colcon.colcon_core.package_identification:_identify(src) by extensions ['cmake', 'python']
[0.182s] Level 1:colcon.colcon_core.package_identification:_identify(src) by extension 'cmake'
[0.182s] Level 1:colcon.colcon_core.package_identification:_identify(src) by extension 'python'
[0.182s] Level 1:colcon.colcon_core.package_identification:_identify(src) by extensions ['python_setup_py']
[0.182s] Level 1:colcon.colcon_core.package_identification:_identify(src) by extension 'python_setup_py'
[0.183s] Level 1:colcon.colcon_core.package_identification:_identify(src/custom_interfaces) by extensions ['ignore', 'ignore_ament_install']
[0.183s] Level 1:colcon.colcon_core.package_identification:_identify(src/custom_interfaces) by extension 'ignore'
[0.183s] Level 1:colcon.colcon_core.package_identification:_identify(src/custom_interfaces) by extension 'ignore_ament_install'
[0.183s] Level 1:colcon.colcon_core.package_identification:_identify(src/custom_interfaces) by extensions ['colcon_pkg']
[0.183s] Level 1:colcon.colcon_core.package_identification:_identify(src/custom_interfaces) by extension 'colcon_pkg'
[0.183s] Level 1:colcon.colcon_core.package_identification:_identify(src/custom_interfaces) by extensions ['colcon_meta']
[0.183s] Level 1:colcon.colcon_core.package_identification:_identify(src/custom_interfaces) by extension 'colcon_meta'
[0.183s] Level 1:colcon.colcon_core.package_identification:_identify(src/custom_interfaces) by extensions ['ros']
[0.183s] Level 1:colcon.colcon_core.package_identification:_identify(src/custom_interfaces) by extension 'ros'
[0.190s] DEBUG:colcon.colcon_core.package_identification:Package 'src/custom_interfaces' with type 'ros.ament_cmake' and name 'custom_interfaces'
[0.190s] Level 1:colcon.colcon_core.package_identification:_identify(src/motor_control) by extensions ['ignore', 'ignore_ament_install']
[0.190s] Level 1:colcon.colcon_core.package_identification:_identify(src/motor_control) by extension 'ignore'
[0.190s] Level 1:colcon.colcon_core.package_identification:_identify(src/motor_control) by extension 'ignore_ament_install'
[0.190s] Level 1:colcon.colcon_core.package_identification:_identify(src/motor_control) by extensions ['colcon_pkg']
[0.190s] Level 1:colcon.colcon_core.package_identification:_identify(src/motor_control) by extension 'colcon_pkg'
[0.190s] Level 1:colcon.colcon_core.package_identification:_identify(src/motor_control) by extensions ['colcon_meta']
[0.190s] Level 1:colcon.colcon_core.package_identification:_identify(src/motor_control) by extension 'colcon_meta'
[0.190s] Level 1:colcon.colcon_core.package_identification:_identify(src/motor_control) by extensions ['ros']
[0.190s] Level 1:colcon.colcon_core.package_identification:_identify(src/motor_control) by extension 'ros'
[0.190s] DEBUG:colcon.colcon_core.package_identification:Package 'src/motor_control' with type 'ros.ament_python' and name 'motor_control'
[0.190s] Level 1:colcon.colcon_core.package_discovery:discover_packages(recursive) using defaults
[0.190s] Level 1:colcon.colcon_core.package_discovery:discover_packages(ignore) discover
[0.190s] Level 1:colcon.colcon_core.package_discovery:discover_packages(ignore) using defaults
[0.190s] Level 1:colcon.colcon_core.package_discovery:discover_packages(path) discover
[0.190s] Level 1:colcon.colcon_core.package_discovery:discover_packages(path) using defaults
[0.203s] Level 1:colcon.colcon_core.package_discovery:discover_packages(prefix_path) check parameters
[0.203s] Level 1:colcon.colcon_core.package_discovery:discover_packages(prefix_path) discover
[0.205s] DEBUG:colcon.colcon_installed_package_information.package_discovery:Found 2 installed packages in /home/sukira/ros/manchester/motrol_control/install
[0.206s] DEBUG:colcon.colcon_installed_package_information.package_discovery:Found 383 installed packages in /opt/ros/humble
[0.207s] Level 1:colcon.colcon_core.package_discovery:discover_packages(prefix_path) using defaults
[0.233s] Level 5:colcon.colcon_core.verb:set package 'custom_interfaces' build argument 'cmake_args' from command line to 'None'
[0.233s] Level 5:colcon.colcon_core.verb:set package 'custom_interfaces' build argument 'cmake_target' from command line to 'None'
[0.233s] Level 5:colcon.colcon_core.verb:set package 'custom_interfaces' build argument 'cmake_target_skip_unavailable' from command line to 'False'
[0.233s] Level 5:colcon.colcon_core.verb:set package 'custom_interfaces' build argument 'cmake_clean_cache' from command line to 'False'
[0.233s] Level 5:colcon.colcon_core.verb:set package 'custom_interfaces' build argument 'cmake_clean_first' from command line to 'False'
[0.233s] Level 5:colcon.colcon_core.verb:set package 'custom_interfaces' build argument 'cmake_force_configure' from command line to 'False'
[0.233s] Level 5:colcon.colcon_core.verb:set package 'custom_interfaces' build argument 'ament_cmake_args' from command line to 'None'
[0.233s] Level 5:colcon.colcon_core.verb:set package 'custom_interfaces' build argument 'catkin_cmake_args' from command line to 'None'
[0.233s] Level 5:colcon.colcon_core.verb:set package 'custom_interfaces' build argument 'catkin_skip_building_tests' from command line to 'False'
[0.233s] DEBUG:colcon.colcon_core.verb:Building package 'custom_interfaces' with the following arguments: {'ament_cmake_args': None, 'build_base': '/home/sukira/ros/manchester/motrol_control/build/custom_interfaces', 'catkin_cmake_args': None, 'catkin_skip_building_tests': False, 'cmake_args': None, 'cmake_clean_cache': False, 'cmake_clean_first': False, 'cmake_force_configure': False, 'cmake_target': None, 'cmake_target_skip_unavailable': False, 'install_base': '/home/sukira/ros/manchester/motrol_control/install/custom_interfaces', 'merge_install': False, 'path': '/home/sukira/ros/manchester/motrol_control/src/custom_interfaces', 'symlink_install': False, 'test_result_base': None}
[0.233s] Level 5:colcon.colcon_core.verb:set package 'motor_control' build argument 'cmake_args' from command line to 'None'
[0.233s] Level 5:colcon.colcon_core.verb:set package 'motor_control' build argument 'cmake_target' from command line to 'None'
[0.233s] Level 5:colcon.colcon_core.verb:set package 'motor_control' build argument 'cmake_target_skip_unavailable' from command line to 'False'
[0.233s] Level 5:colcon.colcon_core.verb:set package 'motor_control' build argument 'cmake_clean_cache' from command line to 'False'
[0.233s] Level 5:colcon.colcon_core.verb:set package 'motor_control' build argument 'cmake_clean_first' from command line to 'False'
[0.233s] Level 5:colcon.colcon_core.verb:set package 'motor_control' build argument 'cmake_force_configure' from command line to 'False'
[0.233s] Level 5:colcon.colcon_core.verb:set package 'motor_control' build argument 'ament_cmake_args' from command line to 'None'
[0.233s] Level 5:colcon.colcon_core.verb:set package 'motor_control' build argument 'catkin_cmake_args' from command line to 'None'
[0.233s] Level 5:colcon.colcon_core.verb:set package 'motor_control' build argument 'catkin_skip_building_tests' from command line to 'False'
[0.233s] DEBUG:colcon.colcon_core.verb:Building package 'motor_control' with the following arguments: {'ament_cmake_args': None, 'build_base': '/home/sukira/ros/manchester/motrol_control/build/motor_control', 'catkin_cmake_args': None, 'catkin_skip_building_tests': False, 'cmake_args': None, 'cmake_clean_cache': False, 'cmake_clean_first': False, 'cmake_force_configure': False, 'cmake_target': None, 'cmake_target_skip_unavailable': False, 'install_base': '/home/sukira/ros/manchester/motrol_control/install/motor_control', 'merge_install': False, 'path': '/home/sukira/ros/manchester/motrol_control/src/motor_control', 'symlink_install': False, 'test_result_base': None}
[0.233s] INFO:colcon.colcon_core.executor:Executing jobs using 'parallel' executor
[0.234s] DEBUG:colcon.colcon_parallel_executor.executor.parallel:run_until_complete
[0.234s] INFO:colcon.colcon_ros.task.ament_cmake.build:Building ROS package in '/home/sukira/ros/manchester/motrol_control/src/custom_interfaces' with build type 'ament_cmake'
[0.234s] INFO:colcon.colcon_cmake.task.cmake.build:Building CMake package in '/home/sukira/ros/manchester/motrol_control/src/custom_interfaces'
[0.236s] INFO:colcon.colcon_core.plugin_system:Skipping extension 'colcon_core.shell.bat': Not used on non-Windows systems
[0.236s] INFO:colcon.colcon_core.shell:Skip shell extension 'powershell' for command environment: Not usable outside of PowerShell
[0.236s] DEBUG:colcon.colcon_core.shell:Skip shell extension 'dsv' for command environment
[0.238s] INFO:colcon.colcon_ros.task.ament_python.build:Building ROS package in '/home/sukira/ros/manchester/motrol_control/src/motor_control' with build type 'ament_python'
[0.238s] Level 1:colcon.colcon_core.shell:create_environment_hook('motor_control', 'ament_prefix_path')
[0.239s] INFO:colcon.colcon_core.shell:Creating environment hook '/home/sukira/ros/manchester/motrol_control/install/motor_control/share/motor_control/hook/ament_prefix_path.ps1'
[0.239s] INFO:colcon.colcon_core.shell:Creating environment descriptor '/home/sukira/ros/manchester/motrol_control/install/motor_control/share/motor_control/hook/ament_prefix_path.dsv'
[0.239s] INFO:colcon.colcon_core.shell:Creating environment hook '/home/sukira/ros/manchester/motrol_control/install/motor_control/share/motor_control/hook/ament_prefix_path.sh'
[0.240s] INFO:colcon.colcon_core.shell:Skip shell extension 'powershell' for command environment: Not usable outside of PowerShell
[0.240s] DEBUG:colcon.colcon_core.shell:Skip shell extension 'dsv' for command environment
[0.245s] DEBUG:colcon.colcon_core.event_handler.log_command:Invoking command in '/home/sukira/ros/manchester/motrol_control/build/custom_interfaces': CMAKE_PREFIX_PATH=${CMAKE_PREFIX_PATH}:/home/sukira/ros/manchester/motrol_control/install/motor_control:/opt/ros/humble /usr/bin/cmake --build /home/sukira/ros/manchester/motrol_control/build/custom_interfaces -- -j16 -l16
[0.405s] INFO:colcon.colcon_core.task.python.build:Building Python package in '/home/sukira/ros/manchester/motrol_control/src/motor_control'
[0.405s] INFO:colcon.colcon_core.shell:Skip shell extension 'powershell' for command environment: Not usable outside of PowerShell
[0.405s] DEBUG:colcon.colcon_core.shell:Skip shell extension 'dsv' for command environment
[0.483s] DEBUG:colcon.colcon_core.event_handler.log_command:Invoked command in '/home/sukira/ros/manchester/motrol_control/build/custom_interfaces' returned '0': CMAKE_PREFIX_PATH=${CMAKE_PREFIX_PATH}:/home/sukira/ros/manchester/motrol_control/install/motor_control:/opt/ros/humble /usr/bin/cmake --build /home/sukira/ros/manchester/motrol_control/build/custom_interfaces -- -j16 -l16
[0.491s] DEBUG:colcon.colcon_core.event_handler.log_command:Invoking command in '/home/sukira/ros/manchester/motrol_control/build/custom_interfaces': CMAKE_PREFIX_PATH=${CMAKE_PREFIX_PATH}:/home/sukira/ros/manchester/motrol_control/install/motor_control:/opt/ros/humble /usr/bin/cmake --install /home/sukira/ros/manchester/motrol_control/build/custom_interfaces
[0.531s] Level 1:colcon.colcon_core.environment:create_environment_scripts_only(custom_interfaces)
[0.531s] DEBUG:colcon.colcon_core.event_handler.log_command:Invoked command in '/home/sukira/ros/manchester/motrol_control/build/custom_interfaces' returned '0': CMAKE_PREFIX_PATH=${CMAKE_PREFIX_PATH}:/home/sukira/ros/manchester/motrol_control/install/motor_control:/opt/ros/humble /usr/bin/cmake --install /home/sukira/ros/manchester/motrol_control/build/custom_interfaces
[0.534s] Level 1:colcon.colcon_core.environment:checking '/home/sukira/ros/manchester/motrol_control/install/custom_interfaces' for CMake module files
[0.535s] Level 1:colcon.colcon_core.environment:checking '/home/sukira/ros/manchester/motrol_control/install/custom_interfaces' for CMake config files
[0.535s] Level 1:colcon.colcon_core.shell:create_environment_hook('custom_interfaces', 'cmake_prefix_path')
[0.535s] INFO:colcon.colcon_core.shell:Creating environment hook '/home/sukira/ros/manchester/motrol_control/install/custom_interfaces/share/custom_interfaces/hook/cmake_prefix_path.ps1'
[0.535s] INFO:colcon.colcon_core.shell:Creating environment descriptor '/home/sukira/ros/manchester/motrol_control/install/custom_interfaces/share/custom_interfaces/hook/cmake_prefix_path.dsv'
[0.535s] INFO:colcon.colcon_core.shell:Creating environment hook '/home/sukira/ros/manchester/motrol_control/install/custom_interfaces/share/custom_interfaces/hook/cmake_prefix_path.sh'
[0.536s] Level 1:colcon.colcon_core.environment:checking '/home/sukira/ros/manchester/motrol_control/install/custom_interfaces/lib'
[0.536s] Level 1:colcon.colcon_core.shell:create_environment_hook('custom_interfaces', 'ld_library_path_lib')
[0.536s] INFO:colcon.colcon_core.shell:Creating environment hook '/home/sukira/ros/manchester/motrol_control/install/custom_interfaces/share/custom_interfaces/hook/ld_library_path_lib.ps1'
[0.536s] INFO:colcon.colcon_core.shell:Creating environment descriptor '/home/sukira/ros/manchester/motrol_control/install/custom_interfaces/share/custom_interfaces/hook/ld_library_path_lib.dsv'
[0.536s] INFO:colcon.colcon_core.shell:Creating environment hook '/home/sukira/ros/manchester/motrol_control/install/custom_interfaces/share/custom_interfaces/hook/ld_library_path_lib.sh'
[0.537s] Level 1:colcon.colcon_core.environment:checking '/home/sukira/ros/manchester/motrol_control/install/custom_interfaces/bin'
[0.537s] Level 1:colcon.colcon_core.environment:checking '/home/sukira/ros/manchester/motrol_control/install/custom_interfaces/lib/pkgconfig/custom_interfaces.pc'
[0.537s] Level 1:colcon.colcon_core.environment:checking '/home/sukira/ros/manchester/motrol_control/install/custom_interfaces/lib/python3.10/site-packages'
[0.537s] Level 1:colcon.colcon_core.environment:checking '/home/sukira/ros/manchester/motrol_control/install/custom_interfaces/bin'
[0.537s] INFO:colcon.colcon_core.shell:Creating package script '/home/sukira/ros/manchester/motrol_control/install/custom_interfaces/share/custom_interfaces/package.ps1'
[0.538s] INFO:colcon.colcon_core.shell:Creating package descriptor '/home/sukira/ros/manchester/motrol_control/install/custom_interfaces/share/custom_interfaces/package.dsv'
[0.538s] INFO:colcon.colcon_core.shell:Creating package script '/home/sukira/ros/manchester/motrol_control/install/custom_interfaces/share/custom_interfaces/package.sh'
[0.539s] INFO:colcon.colcon_core.shell:Creating package script '/home/sukira/ros/manchester/motrol_control/install/custom_interfaces/share/custom_interfaces/package.bash'
[0.539s] INFO:colcon.colcon_core.shell:Creating package script '/home/sukira/ros/manchester/motrol_control/install/custom_interfaces/share/custom_interfaces/package.zsh'
[0.540s] Level 1:colcon.colcon_core.environment:create_file_with_runtime_dependencies(/home/sukira/ros/manchester/motrol_control/install/custom_interfaces/share/colcon-core/packages/custom_interfaces)
[0.540s] Level 1:colcon.colcon_core.environment:create_environment_scripts_only(custom_interfaces)
[0.540s] Level 1:colcon.colcon_core.environment:checking '/home/sukira/ros/manchester/motrol_control/install/custom_interfaces' for CMake module files
[0.540s] Level 1:colcon.colcon_core.environment:checking '/home/sukira/ros/manchester/motrol_control/install/custom_interfaces' for CMake config files
[0.541s] Level 1:colcon.colcon_core.shell:create_environment_hook('custom_interfaces', 'cmake_prefix_path')
[0.541s] INFO:colcon.colcon_core.shell:Creating environment hook '/home/sukira/ros/manchester/motrol_control/install/custom_interfaces/share/custom_interfaces/hook/cmake_prefix_path.ps1'
[0.541s] INFO:colcon.colcon_core.shell:Creating environment descriptor '/home/sukira/ros/manchester/motrol_control/install/custom_interfaces/share/custom_interfaces/hook/cmake_prefix_path.dsv'
[0.541s] INFO:colcon.colcon_core.shell:Creating environment hook '/home/sukira/ros/manchester/motrol_control/install/custom_interfaces/share/custom_interfaces/hook/cmake_prefix_path.sh'
[0.542s] Level 1:colcon.colcon_core.environment:checking '/home/sukira/ros/manchester/motrol_control/install/custom_interfaces/lib'
[0.542s] Level 1:colcon.colcon_core.shell:create_environment_hook('custom_interfaces', 'ld_library_path_lib')
[0.542s] INFO:colcon.colcon_core.shell:Creating environment hook '/home/sukira/ros/manchester/motrol_control/install/custom_interfaces/share/custom_interfaces/hook/ld_library_path_lib.ps1'
[0.542s] INFO:colcon.colcon_core.shell:Creating environment descriptor '/home/sukira/ros/manchester/motrol_control/install/custom_interfaces/share/custom_interfaces/hook/ld_library_path_lib.dsv'
[0.542s] INFO:colcon.colcon_core.shell:Creating environment hook '/home/sukira/ros/manchester/motrol_control/install/custom_interfaces/share/custom_interfaces/hook/ld_library_path_lib.sh'
[0.542s] Level 1:colcon.colcon_core.environment:checking '/home/sukira/ros/manchester/motrol_control/install/custom_interfaces/bin'
[0.542s] Level 1:colcon.colcon_core.environment:checking '/home/sukira/ros/manchester/motrol_control/install/custom_interfaces/lib/pkgconfig/custom_interfaces.pc'
[0.542s] Level 1:colcon.colcon_core.environment:checking '/home/sukira/ros/manchester/motrol_control/install/custom_interfaces/lib/python3.10/site-packages'
[0.543s] Level 1:colcon.colcon_core.environment:checking '/home/sukira/ros/manchester/motrol_control/install/custom_interfaces/bin'
[0.543s] INFO:colcon.colcon_core.shell:Creating package script '/home/sukira/ros/manchester/motrol_control/install/custom_interfaces/share/custom_interfaces/package.ps1'
[0.543s] INFO:colcon.colcon_core.shell:Creating package descriptor '/home/sukira/ros/manchester/motrol_control/install/custom_interfaces/share/custom_interfaces/package.dsv'
[0.543s] INFO:colcon.colcon_core.shell:Creating package script '/home/sukira/ros/manchester/motrol_control/install/custom_interfaces/share/custom_interfaces/package.sh'
[0.544s] INFO:colcon.colcon_core.shell:Creating package script '/home/sukira/ros/manchester/motrol_control/install/custom_interfaces/share/custom_interfaces/package.bash'
[0.544s] INFO:colcon.colcon_core.shell:Creating package script '/home/sukira/ros/manchester/motrol_control/install/custom_interfaces/share/custom_interfaces/package.zsh'
[0.544s] Level 1:colcon.colcon_core.environment:create_file_with_runtime_dependencies(/home/sukira/ros/manchester/motrol_control/install/custom_interfaces/share/colcon-core/packages/custom_interfaces)
[0.691s] DEBUG:colcon.colcon_core.event_handler.log_command:Invoking command in '/home/sukira/ros/manchester/motrol_control/src/motor_control': PYTHONPATH=/home/sukira/ros/manchester/motrol_control/build/motor_control/prefix_override:/usr/lib/python3/dist-packages/colcon_core/task/python/colcon_distutils_commands:/home/sukira/ros/manchester/motrol_control/install/motor_control/lib/python3.10/site-packages:${PYTHONPATH} /usr/bin/python3 -W ignore:setup.py install is deprecated -W ignore:easy_install command is deprecated setup.py egg_info --egg-base ../../build/motor_control build --build-base /home/sukira/ros/manchester/motrol_control/build/motor_control/build install --record /home/sukira/ros/manchester/motrol_control/build/motor_control/install.log --single-version-externally-managed install_data
[0.896s] Level 1:colcon.colcon_core.environment:checking '/home/sukira/ros/manchester/motrol_control/install/motor_control' for CMake module files
[0.897s] DEBUG:colcon.colcon_core.event_handler.log_command:Invoked command in '/home/sukira/ros/manchester/motrol_control/src/motor_control' returned '0': PYTHONPATH=/home/sukira/ros/manchester/motrol_control/build/motor_control/prefix_override:/usr/lib/python3/dist-packages/colcon_core/task/python/colcon_distutils_commands:/home/sukira/ros/manchester/motrol_control/install/motor_control/lib/python3.10/site-packages:${PYTHONPATH} /usr/bin/python3 -W ignore:setup.py install is deprecated -W ignore:easy_install command is deprecated setup.py egg_info --egg-base ../../build/motor_control build --build-base /home/sukira/ros/manchester/motrol_control/build/motor_control/build install --record /home/sukira/ros/manchester/motrol_control/build/motor_control/install.log --single-version-externally-managed install_data
[0.897s] Level 1:colcon.colcon_core.environment:checking '/home/sukira/ros/manchester/motrol_control/install/motor_control' for CMake config files
[0.898s] Level 1:colcon.colcon_core.environment:checking '/home/sukira/ros/manchester/motrol_control/install/motor_control/lib'
[0.898s] Level 1:colcon.colcon_core.environment:checking '/home/sukira/ros/manchester/motrol_control/install/motor_control/bin'
[0.898s] Level 1:colcon.colcon_core.environment:checking '/home/sukira/ros/manchester/motrol_control/install/motor_control/lib/pkgconfig/motor_control.pc'
[0.898s] Level 1:colcon.colcon_core.environment:checking '/home/sukira/ros/manchester/motrol_control/install/motor_control/lib/python3.10/site-packages'
[0.898s] Level 1:colcon.colcon_core.shell:create_environment_hook('motor_control', 'pythonpath')
[0.898s] INFO:colcon.colcon_core.shell:Creating environment hook '/home/sukira/ros/manchester/motrol_control/install/motor_control/share/motor_control/hook/pythonpath.ps1'
[0.898s] INFO:colcon.colcon_core.shell:Creating environment descriptor '/home/sukira/ros/manchester/motrol_control/install/motor_control/share/motor_control/hook/pythonpath.dsv'
[0.899s] INFO:colcon.colcon_core.shell:Creating environment hook '/home/sukira/ros/manchester/motrol_control/install/motor_control/share/motor_control/hook/pythonpath.sh'
[0.899s] Level 1:colcon.colcon_core.environment:checking '/home/sukira/ros/manchester/motrol_control/install/motor_control/bin'
[0.900s] Level 1:colcon.colcon_core.environment:create_environment_scripts_only(motor_control)
[0.900s] INFO:colcon.colcon_core.shell:Creating package script '/home/sukira/ros/manchester/motrol_control/install/motor_control/share/motor_control/package.ps1'
[0.900s] INFO:colcon.colcon_core.shell:Creating package descriptor '/home/sukira/ros/manchester/motrol_control/install/motor_control/share/motor_control/package.dsv'
[0.901s] INFO:colcon.colcon_core.shell:Creating package script '/home/sukira/ros/manchester/motrol_control/install/motor_control/share/motor_control/package.sh'
[0.901s] INFO:colcon.colcon_core.shell:Creating package script '/home/sukira/ros/manchester/motrol_control/install/motor_control/share/motor_control/package.bash'
[0.901s] INFO:colcon.colcon_core.shell:Creating package script '/home/sukira/ros/manchester/motrol_control/install/motor_control/share/motor_control/package.zsh'
[0.901s] Level 1:colcon.colcon_core.environment:create_file_with_runtime_dependencies(/home/sukira/ros/manchester/motrol_control/install/motor_control/share/colcon-core/packages/motor_control)
[0.901s] DEBUG:colcon.colcon_parallel_executor.executor.parallel:closing loop
[0.902s] DEBUG:colcon.colcon_parallel_executor.executor.parallel:loop closed
[0.902s] DEBUG:colcon.colcon_parallel_executor.executor.parallel:run_until_complete finished with '0'
[0.902s] DEBUG:colcon.colcon_core.event_reactor:joining thread
[0.907s] INFO:colcon.colcon_core.plugin_system:Skipping extension 'colcon_notification.desktop_notification.terminal_notifier': Not used on non-Darwin systems
[0.907s] INFO:colcon.colcon_core.plugin_system:Skipping extension 'colcon_notification.desktop_notification.win32': Not used on non-Windows systems
[0.907s] INFO:colcon.colcon_notification.desktop_notification:Sending desktop notification using 'notify2'
[0.923s] DEBUG:colcon.colcon_core.event_reactor:joined thread
[0.924s] INFO:colcon.colcon_core.shell:Creating prefix script '/home/sukira/ros/manchester/motrol_control/install/local_setup.ps1'
[0.924s] INFO:colcon.colcon_core.shell:Creating prefix util module '/home/sukira/ros/manchester/motrol_control/install/_local_setup_util_ps1.py'
[0.925s] INFO:colcon.colcon_core.shell:Creating prefix chain script '/home/sukira/ros/manchester/motrol_control/install/setup.ps1'
[0.926s] INFO:colcon.colcon_core.shell:Creating prefix script '/home/sukira/ros/manchester/motrol_control/install/local_setup.sh'
[0.926s] INFO:colcon.colcon_core.shell:Creating prefix util module '/home/sukira/ros/manchester/motrol_control/install/_local_setup_util_sh.py'
[0.926s] INFO:colcon.colcon_core.shell:Creating prefix chain script '/home/sukira/ros/manchester/motrol_control/install/setup.sh'
[0.927s] INFO:colcon.colcon_core.shell:Creating prefix script '/home/sukira/ros/manchester/motrol_control/install/local_setup.bash'
[0.927s] INFO:colcon.colcon_core.shell:Creating prefix chain script '/home/sukira/ros/manchester/motrol_control/install/setup.bash'
[0.928s] INFO:colcon.colcon_core.shell:Creating prefix script '/home/sukira/ros/manchester/motrol_control/install/local_setup.zsh'
[0.928s] INFO:colcon.colcon_core.shell:Creating prefix chain script '/home/sukira/ros/manchester/motrol_control/install/setup.zsh'
