[0.010s] Invoking command in '/home/sukira/ros/manchester/motrol_control/build/custom_interfaces': CMAKE_PREFIX_PATH=/home/sukira/ros/manchester/motrol_control/install/motor_control:/opt/ros/humble /usr/bin/cmake /home/sukira/ros/manchester/motrol_control/src/custom_interfaces -DCMAKE_INSTALL_PREFIX=/home/sukira/ros/manchester/motrol_control/install/custom_interfaces
[0.108s] -- The C compiler identification is GNU 11.4.0
[0.177s] -- The CXX compiler identification is GNU 11.4.0
[0.186s] -- Detecting C compiler ABI info
[0.254s] -- Detecting C compiler ABI info - done
[0.258s] -- Check for working C compiler: /usr/bin/cc - skipped
[0.258s] -- Detecting C compile features
[0.259s] -- Detecting C compile features - done
[0.261s] -- Detecting CXX compiler ABI info
[0.334s] -- Detecting CXX compiler ABI info - done
[0.338s] -- Check for working CXX compiler: /usr/bin/c++ - skipped
[0.338s] -- Detecting CXX compile features
[0.338s] -- Detecting CXX compile features - done
[0.342s] -- Found ament_cmake: 1.3.13 (/opt/ros/humble/share/ament_cmake/cmake)
[0.457s] -- Found Python3: /usr/bin/python3 (found version "3.10.12") found components: Interpreter 
[0.522s] -- Found std_msgs: 4.9.1 (/opt/ros/humble/share/std_msgs/cmake)
[0.550s] -- Found rosidl_generator_c: 3.1.8 (/opt/ros/humble/share/rosidl_generator_c/cmake)
[0.554s] -- Found rosidl_adapter: 3.1.8 (/opt/ros/humble/share/rosidl_adapter/cmake)
[0.560s] -- Found rosidl_generator_cpp: 3.1.8 (/opt/ros/humble/share/rosidl_generator_cpp/cmake)
[0.570s] -- Using all available rosidl_typesupport_c: rosidl_typesupport_fastrtps_c;rosidl_typesupport_introspection_c
[0.583s] -- Using all available rosidl_typesupport_cpp: rosidl_typesupport_fastrtps_cpp;rosidl_typesupport_introspection_cpp
[0.603s] -- Found geometry_msgs: 4.9.1 (/opt/ros/humble/share/geometry_msgs/cmake)
[0.613s] -- Found rosidl_default_generators: 1.2.0 (/opt/ros/humble/share/rosidl_default_generators/cmake)
[0.793s] -- Found ament_cmake_ros: 0.10.0 (/opt/ros/humble/share/ament_cmake_ros/cmake)
[1.029s] -- Using all available rosidl_typesupport_c: rosidl_typesupport_fastrtps_c;rosidl_typesupport_introspection_c
[1.117s] -- Using all available rosidl_typesupport_cpp: rosidl_typesupport_fastrtps_cpp;rosidl_typesupport_introspection_cpp
[1.136s] -- Found PythonInterp: /usr/bin/python3 (found suitable version "3.10.12", minimum required is "3.6") 
[1.137s] -- Found python_cmake_module: 0.10.0 (/opt/ros/humble/share/python_cmake_module/cmake)
[1.158s] -- Found PythonLibs: /usr/lib/x86_64-linux-gnu/libpython3.10.so (found suitable version "3.10.12", minimum required is "3.5") 
[1.159s] -- Using PYTHON_EXECUTABLE: /usr/bin/python3
[1.159s] -- Using PYTHON_INCLUDE_DIRS: /usr/include/python3.10
[1.159s] -- Using PYTHON_LIBRARIES: /usr/lib/x86_64-linux-gnu/libpython3.10.so
[1.173s] -- Found PythonExtra: .so  
[1.202s] -- Found ament_lint_auto: 0.12.15 (/opt/ros/humble/share/ament_lint_auto/cmake)
[1.218s] -- Added test 'lint_cmake' to check CMake code style
[1.218s] -- Added test 'xmllint' to check XML markup files
[1.221s] -- Configuring done
[1.242s] -- Generating done
[1.249s] -- Build files have been written to: /home/sukira/ros/manchester/motrol_control/build/custom_interfaces
[1.259s] Invoked command in '/home/sukira/ros/manchester/motrol_control/build/custom_interfaces' returned '0': CMAKE_PREFIX_PATH=/home/sukira/ros/manchester/motrol_control/install/motor_control:/opt/ros/humble /usr/bin/cmake /home/sukira/ros/manchester/motrol_control/src/custom_interfaces -DCMAKE_INSTALL_PREFIX=/home/sukira/ros/manchester/motrol_control/install/custom_interfaces
[1.261s] Invoking command in '/home/sukira/ros/manchester/motrol_control/build/custom_interfaces': CMAKE_PREFIX_PATH=/home/sukira/ros/manchester/motrol_control/install/motor_control:/opt/ros/humble /usr/bin/cmake --build /home/sukira/ros/manchester/motrol_control/build/custom_interfaces -- -j16 -l16
[1.295s] [  3%] [34m[1mGenerating C code for ROS interfaces[0m
[1.303s] [  6%] [34m[1mGenerating C++ code for ROS interfaces[0m
[1.312s] [  6%] Built target ament_cmake_python_copy_custom_interfaces
[1.466s] running egg_info
[1.466s] creating custom_interfaces.egg-info
[1.466s] writing custom_interfaces.egg-info/PKG-INFO
[1.467s] writing dependency_links to custom_interfaces.egg-info/dependency_links.txt
[1.467s] writing top-level names to custom_interfaces.egg-info/top_level.txt
[1.467s] writing manifest file 'custom_interfaces.egg-info/SOURCES.txt'
[1.468s] reading manifest file 'custom_interfaces.egg-info/SOURCES.txt'
[1.469s] writing manifest file 'custom_interfaces.egg-info/SOURCES.txt'
[1.486s] [  9%] [32mBuilding C object CMakeFiles/custom_interfaces__rosidl_generator_c.dir/rosidl_generator_c/custom_interfaces/srv/detail/set_process_bool__functions.c.o[0m
[1.486s] [  9%] Built target custom_interfaces__cpp
[1.494s] [ 16%] [34m[1mGenerating C++ introspection for ROS interfaces[0m
[1.495s] [ 16%] [34m[1mGenerating C++ type support for eProsima Fast-RTPS[0m
[1.495s] [ 19%] [34m[1mGenerating C++ type support dispatch for ROS interfaces[0m
[1.510s] [ 19%] Built target ament_cmake_python_build_custom_interfaces_egg
[1.545s] [ 22%] [32m[1mLinking C shared library libcustom_interfaces__rosidl_generator_c.so[0m
[1.581s] [ 22%] Built target custom_interfaces__rosidl_generator_c
[1.590s] [ 29%] [34m[1mGenerating C introspection for ROS interfaces[0m
[1.590s] [ 29%] [34m[1mGenerating C type support for eProsima Fast-RTPS[0m
[1.591s] [ 32%] [34m[1mGenerating C type support dispatch for ROS interfaces[0m
[1.677s] [ 35%] [32mBuilding CXX object CMakeFiles/custom_interfaces__rosidl_typesupport_cpp.dir/rosidl_typesupport_cpp/custom_interfaces/srv/set_process_bool__type_support.cpp.o[0m
[1.695s] [ 38%] [32mBuilding CXX object CMakeFiles/custom_interfaces__rosidl_typesupport_introspection_cpp.dir/rosidl_typesupport_introspection_cpp/custom_interfaces/srv/detail/set_process_bool__type_support.cpp.o[0m
[1.704s] [ 41%] [32mBuilding CXX object CMakeFiles/custom_interfaces__rosidl_typesupport_fastrtps_cpp.dir/rosidl_typesupport_fastrtps_cpp/custom_interfaces/srv/detail/dds_fastrtps/set_process_bool__type_support.cpp.o[0m
[1.779s] [ 45%] [32mBuilding CXX object CMakeFiles/custom_interfaces__rosidl_typesupport_c.dir/rosidl_typesupport_c/custom_interfaces/srv/set_process_bool__type_support.cpp.o[0m
[1.808s] [ 48%] [32m[1mLinking CXX shared library libcustom_interfaces__rosidl_typesupport_c.so[0m
[1.811s] [ 54%] [32mBuilding CXX object CMakeFiles/custom_interfaces__rosidl_typesupport_fastrtps_c.dir/rosidl_typesupport_fastrtps_c/custom_interfaces/srv/detail/set_process_bool__type_support_c.cpp.o[0m
[1.811s] [ 54%] [32mBuilding C object CMakeFiles/custom_interfaces__rosidl_typesupport_introspection_c.dir/rosidl_typesupport_introspection_c/custom_interfaces/srv/detail/set_process_bool__type_support.c.o[0m
[1.844s] [ 58%] [32m[1mLinking C shared library libcustom_interfaces__rosidl_typesupport_introspection_c.so[0m
[1.844s] [ 58%] Built target custom_interfaces__rosidl_typesupport_c
[1.876s] [ 58%] Built target custom_interfaces__rosidl_typesupport_introspection_c
[1.889s] [ 61%] [32m[1mLinking CXX shared library libcustom_interfaces__rosidl_typesupport_cpp.so[0m
[1.928s] [ 61%] Built target custom_interfaces__rosidl_typesupport_cpp
[1.986s] [ 64%] [32m[1mLinking CXX shared library libcustom_interfaces__rosidl_typesupport_introspection_cpp.so[0m
[1.998s] [ 67%] [32m[1mLinking CXX shared library libcustom_interfaces__rosidl_typesupport_fastrtps_cpp.so[0m
[2.053s] [ 70%] [32m[1mLinking CXX shared library libcustom_interfaces__rosidl_typesupport_fastrtps_c.so[0m
[2.053s] [ 70%] Built target custom_interfaces__rosidl_typesupport_introspection_cpp
[2.068s] [ 70%] Built target custom_interfaces__rosidl_typesupport_fastrtps_cpp
[2.108s] [ 70%] Built target custom_interfaces__rosidl_typesupport_fastrtps_c
[2.129s] [ 70%] Built target custom_interfaces
[2.146s] [ 74%] [34m[1mGenerating Python code for ROS interfaces[0m
[2.368s] [ 74%] Built target custom_interfaces__py
[2.386s] [ 77%] [32mBuilding C object CMakeFiles/custom_interfaces__rosidl_generator_py.dir/rosidl_generator_py/custom_interfaces/srv/_set_process_bool_s.c.o[0m
[2.472s] [ 80%] [32m[1mLinking C shared library rosidl_generator_py/custom_interfaces/libcustom_interfaces__rosidl_generator_py.so[0m
[2.506s] [ 80%] Built target custom_interfaces__rosidl_generator_py
[2.526s] [ 87%] [32mBuilding C object CMakeFiles/custom_interfaces__rosidl_typesupport_introspection_c__pyext.dir/rosidl_generator_py/custom_interfaces/_custom_interfaces_s.ep.rosidl_typesupport_introspection_c.c.o[0m
[2.526s] [ 87%] [32mBuilding C object CMakeFiles/custom_interfaces__rosidl_typesupport_fastrtps_c__pyext.dir/rosidl_generator_py/custom_interfaces/_custom_interfaces_s.ep.rosidl_typesupport_fastrtps_c.c.o[0m
[2.527s] [ 90%] [32mBuilding C object CMakeFiles/custom_interfaces__rosidl_typesupport_c__pyext.dir/rosidl_generator_py/custom_interfaces/_custom_interfaces_s.ep.rosidl_typesupport_c.c.o[0m
[2.593s] [100%] [32m[1mLinking C shared library rosidl_generator_py/custom_interfaces/custom_interfaces_s__rosidl_typesupport_fastrtps_c.cpython-310-x86_64-linux-gnu.so[0m
[2.594s] [100%] [32m[1mLinking C shared library rosidl_generator_py/custom_interfaces/custom_interfaces_s__rosidl_typesupport_introspection_c.cpython-310-x86_64-linux-gnu.so[0m
[2.594s] [100%] [32m[1mLinking C shared library rosidl_generator_py/custom_interfaces/custom_interfaces_s__rosidl_typesupport_c.cpython-310-x86_64-linux-gnu.so[0m
[2.627s] [100%] Built target custom_interfaces__rosidl_typesupport_c__pyext
[2.627s] [100%] Built target custom_interfaces__rosidl_typesupport_introspection_c__pyext
[2.627s] [100%] Built target custom_interfaces__rosidl_typesupport_fastrtps_c__pyext
[2.638s] Invoked command in '/home/sukira/ros/manchester/motrol_control/build/custom_interfaces' returned '0': CMAKE_PREFIX_PATH=/home/sukira/ros/manchester/motrol_control/install/motor_control:/opt/ros/humble /usr/bin/cmake --build /home/sukira/ros/manchester/motrol_control/build/custom_interfaces -- -j16 -l16
[2.648s] Invoking command in '/home/sukira/ros/manchester/motrol_control/build/custom_interfaces': CMAKE_PREFIX_PATH=/home/sukira/ros/manchester/motrol_control/install/motor_control:/opt/ros/humble /usr/bin/cmake --install /home/sukira/ros/manchester/motrol_control/build/custom_interfaces
[2.655s] -- Install configuration: ""
[2.655s] -- Installing: /home/sukira/ros/manchester/motrol_control/install/custom_interfaces/share/ament_index/resource_index/rosidl_interfaces/custom_interfaces
[2.655s] -- Installing: /home/sukira/ros/manchester/motrol_control/install/custom_interfaces/include/custom_interfaces/custom_interfaces
[2.655s] -- Installing: /home/sukira/ros/manchester/motrol_control/install/custom_interfaces/include/custom_interfaces/custom_interfaces/srv
[2.655s] -- Installing: /home/sukira/ros/manchester/motrol_control/install/custom_interfaces/include/custom_interfaces/custom_interfaces/srv/set_process_bool.h
[2.655s] -- Installing: /home/sukira/ros/manchester/motrol_control/install/custom_interfaces/include/custom_interfaces/custom_interfaces/srv/detail
[2.655s] -- Installing: /home/sukira/ros/manchester/motrol_control/install/custom_interfaces/include/custom_interfaces/custom_interfaces/srv/detail/set_process_bool__functions.h
[2.655s] -- Installing: /home/sukira/ros/manchester/motrol_control/install/custom_interfaces/include/custom_interfaces/custom_interfaces/srv/detail/set_process_bool__type_support.h
[2.656s] -- Installing: /home/sukira/ros/manchester/motrol_control/install/custom_interfaces/include/custom_interfaces/custom_interfaces/srv/detail/set_process_bool__functions.c
[2.656s] -- Installing: /home/sukira/ros/manchester/motrol_control/install/custom_interfaces/include/custom_interfaces/custom_interfaces/srv/detail/set_process_bool__struct.h
[2.656s] -- Installing: /home/sukira/ros/manchester/motrol_control/install/custom_interfaces/include/custom_interfaces/custom_interfaces/msg
[2.656s] -- Installing: /home/sukira/ros/manchester/motrol_control/install/custom_interfaces/include/custom_interfaces/custom_interfaces/msg/rosidl_generator_c__visibility_control.h
[2.656s] -- Installing: /home/sukira/ros/manchester/motrol_control/install/custom_interfaces/share/custom_interfaces/environment/library_path.sh
[2.656s] -- Installing: /home/sukira/ros/manchester/motrol_control/install/custom_interfaces/share/custom_interfaces/environment/library_path.dsv
[2.656s] -- Installing: /home/sukira/ros/manchester/motrol_control/install/custom_interfaces/lib/libcustom_interfaces__rosidl_generator_c.so
[2.656s] -- Set runtime path of "/home/sukira/ros/manchester/motrol_control/install/custom_interfaces/lib/libcustom_interfaces__rosidl_generator_c.so" to ""
[2.656s] -- Up-to-date: /home/sukira/ros/manchester/motrol_control/install/custom_interfaces/include/custom_interfaces/custom_interfaces
[2.656s] -- Up-to-date: /home/sukira/ros/manchester/motrol_control/install/custom_interfaces/include/custom_interfaces/custom_interfaces/srv
[2.656s] -- Up-to-date: /home/sukira/ros/manchester/motrol_control/install/custom_interfaces/include/custom_interfaces/custom_interfaces/srv/detail
[2.656s] -- Installing: /home/sukira/ros/manchester/motrol_control/install/custom_interfaces/include/custom_interfaces/custom_interfaces/srv/detail/set_process_bool__rosidl_typesupport_fastrtps_c.h
[2.656s] -- Up-to-date: /home/sukira/ros/manchester/motrol_control/install/custom_interfaces/include/custom_interfaces/custom_interfaces/msg
[2.656s] -- Installing: /home/sukira/ros/manchester/motrol_control/install/custom_interfaces/include/custom_interfaces/custom_interfaces/msg/rosidl_typesupport_fastrtps_c__visibility_control.h
[2.656s] -- Installing: /home/sukira/ros/manchester/motrol_control/install/custom_interfaces/lib/libcustom_interfaces__rosidl_typesupport_fastrtps_c.so
[2.657s] -- Set runtime path of "/home/sukira/ros/manchester/motrol_control/install/custom_interfaces/lib/libcustom_interfaces__rosidl_typesupport_fastrtps_c.so" to ""
[2.657s] -- Up-to-date: /home/sukira/ros/manchester/motrol_control/install/custom_interfaces/include/custom_interfaces/custom_interfaces
[2.657s] -- Up-to-date: /home/sukira/ros/manchester/motrol_control/install/custom_interfaces/include/custom_interfaces/custom_interfaces/srv
[2.657s] -- Installing: /home/sukira/ros/manchester/motrol_control/install/custom_interfaces/include/custom_interfaces/custom_interfaces/srv/set_process_bool.hpp
[2.657s] -- Up-to-date: /home/sukira/ros/manchester/motrol_control/install/custom_interfaces/include/custom_interfaces/custom_interfaces/srv/detail
[2.657s] -- Installing: /home/sukira/ros/manchester/motrol_control/install/custom_interfaces/include/custom_interfaces/custom_interfaces/srv/detail/set_process_bool__struct.hpp
[2.657s] -- Installing: /home/sukira/ros/manchester/motrol_control/install/custom_interfaces/include/custom_interfaces/custom_interfaces/srv/detail/set_process_bool__type_support.hpp
[2.657s] -- Installing: /home/sukira/ros/manchester/motrol_control/install/custom_interfaces/include/custom_interfaces/custom_interfaces/srv/detail/set_process_bool__builder.hpp
[2.657s] -- Installing: /home/sukira/ros/manchester/motrol_control/install/custom_interfaces/include/custom_interfaces/custom_interfaces/srv/detail/set_process_bool__traits.hpp
[2.657s] -- Up-to-date: /home/sukira/ros/manchester/motrol_control/install/custom_interfaces/include/custom_interfaces/custom_interfaces/msg
[2.657s] -- Installing: /home/sukira/ros/manchester/motrol_control/install/custom_interfaces/include/custom_interfaces/custom_interfaces/msg/rosidl_generator_cpp__visibility_control.hpp
[2.657s] -- Up-to-date: /home/sukira/ros/manchester/motrol_control/install/custom_interfaces/include/custom_interfaces/custom_interfaces
[2.657s] -- Up-to-date: /home/sukira/ros/manchester/motrol_control/install/custom_interfaces/include/custom_interfaces/custom_interfaces/srv
[2.657s] -- Up-to-date: /home/sukira/ros/manchester/motrol_control/install/custom_interfaces/include/custom_interfaces/custom_interfaces/srv/detail
[2.657s] -- Installing: /home/sukira/ros/manchester/motrol_control/install/custom_interfaces/include/custom_interfaces/custom_interfaces/srv/detail/set_process_bool__rosidl_typesupport_fastrtps_cpp.hpp
[2.658s] -- Installing: /home/sukira/ros/manchester/motrol_control/install/custom_interfaces/include/custom_interfaces/custom_interfaces/srv/detail/dds_fastrtps
[2.658s] -- Up-to-date: /home/sukira/ros/manchester/motrol_control/install/custom_interfaces/include/custom_interfaces/custom_interfaces/msg
[2.658s] -- Installing: /home/sukira/ros/manchester/motrol_control/install/custom_interfaces/include/custom_interfaces/custom_interfaces/msg/rosidl_typesupport_fastrtps_cpp__visibility_control.h
[2.658s] -- Installing: /home/sukira/ros/manchester/motrol_control/install/custom_interfaces/lib/libcustom_interfaces__rosidl_typesupport_fastrtps_cpp.so
[2.658s] -- Set runtime path of "/home/sukira/ros/manchester/motrol_control/install/custom_interfaces/lib/libcustom_interfaces__rosidl_typesupport_fastrtps_cpp.so" to ""
[2.658s] -- Up-to-date: /home/sukira/ros/manchester/motrol_control/install/custom_interfaces/include/custom_interfaces/custom_interfaces
[2.658s] -- Up-to-date: /home/sukira/ros/manchester/motrol_control/install/custom_interfaces/include/custom_interfaces/custom_interfaces/srv
[2.658s] -- Up-to-date: /home/sukira/ros/manchester/motrol_control/install/custom_interfaces/include/custom_interfaces/custom_interfaces/srv/detail
[2.658s] -- Installing: /home/sukira/ros/manchester/motrol_control/install/custom_interfaces/include/custom_interfaces/custom_interfaces/srv/detail/set_process_bool__type_support.c
[2.658s] -- Installing: /home/sukira/ros/manchester/motrol_control/install/custom_interfaces/include/custom_interfaces/custom_interfaces/srv/detail/set_process_bool__rosidl_typesupport_introspection_c.h
[2.658s] -- Up-to-date: /home/sukira/ros/manchester/motrol_control/install/custom_interfaces/include/custom_interfaces/custom_interfaces/msg
[2.658s] -- Installing: /home/sukira/ros/manchester/motrol_control/install/custom_interfaces/include/custom_interfaces/custom_interfaces/msg/rosidl_typesupport_introspection_c__visibility_control.h
[2.658s] -- Installing: /home/sukira/ros/manchester/motrol_control/install/custom_interfaces/lib/libcustom_interfaces__rosidl_typesupport_introspection_c.so
[2.659s] -- Set runtime path of "/home/sukira/ros/manchester/motrol_control/install/custom_interfaces/lib/libcustom_interfaces__rosidl_typesupport_introspection_c.so" to ""
[2.659s] -- Installing: /home/sukira/ros/manchester/motrol_control/install/custom_interfaces/lib/libcustom_interfaces__rosidl_typesupport_c.so
[2.659s] -- Set runtime path of "/home/sukira/ros/manchester/motrol_control/install/custom_interfaces/lib/libcustom_interfaces__rosidl_typesupport_c.so" to ""
[2.659s] -- Up-to-date: /home/sukira/ros/manchester/motrol_control/install/custom_interfaces/include/custom_interfaces/custom_interfaces
[2.659s] -- Up-to-date: /home/sukira/ros/manchester/motrol_control/install/custom_interfaces/include/custom_interfaces/custom_interfaces/srv
[2.659s] -- Up-to-date: /home/sukira/ros/manchester/motrol_control/install/custom_interfaces/include/custom_interfaces/custom_interfaces/srv/detail
[2.659s] -- Installing: /home/sukira/ros/manchester/motrol_control/install/custom_interfaces/include/custom_interfaces/custom_interfaces/srv/detail/set_process_bool__rosidl_typesupport_introspection_cpp.hpp
[2.659s] -- Installing: /home/sukira/ros/manchester/motrol_control/install/custom_interfaces/include/custom_interfaces/custom_interfaces/srv/detail/set_process_bool__type_support.cpp
[2.659s] -- Installing: /home/sukira/ros/manchester/motrol_control/install/custom_interfaces/lib/libcustom_interfaces__rosidl_typesupport_introspection_cpp.so
[2.659s] -- Set runtime path of "/home/sukira/ros/manchester/motrol_control/install/custom_interfaces/lib/libcustom_interfaces__rosidl_typesupport_introspection_cpp.so" to ""
[2.659s] -- Installing: /home/sukira/ros/manchester/motrol_control/install/custom_interfaces/lib/libcustom_interfaces__rosidl_typesupport_cpp.so
[2.660s] -- Set runtime path of "/home/sukira/ros/manchester/motrol_control/install/custom_interfaces/lib/libcustom_interfaces__rosidl_typesupport_cpp.so" to ""
[2.660s] -- Installing: /home/sukira/ros/manchester/motrol_control/install/custom_interfaces/share/custom_interfaces/environment/pythonpath.sh
[2.660s] -- Installing: /home/sukira/ros/manchester/motrol_control/install/custom_interfaces/share/custom_interfaces/environment/pythonpath.dsv
[2.660s] -- Installing: /home/sukira/ros/manchester/motrol_control/install/custom_interfaces/local/lib/python3.10/dist-packages/custom_interfaces-0.0.0-py3.10.egg-info
[2.660s] -- Installing: /home/sukira/ros/manchester/motrol_control/install/custom_interfaces/local/lib/python3.10/dist-packages/custom_interfaces-0.0.0-py3.10.egg-info/SOURCES.txt
[2.660s] -- Installing: /home/sukira/ros/manchester/motrol_control/install/custom_interfaces/local/lib/python3.10/dist-packages/custom_interfaces-0.0.0-py3.10.egg-info/dependency_links.txt
[2.660s] -- Installing: /home/sukira/ros/manchester/motrol_control/install/custom_interfaces/local/lib/python3.10/dist-packages/custom_interfaces-0.0.0-py3.10.egg-info/PKG-INFO
[2.660s] -- Installing: /home/sukira/ros/manchester/motrol_control/install/custom_interfaces/local/lib/python3.10/dist-packages/custom_interfaces-0.0.0-py3.10.egg-info/top_level.txt
[2.660s] -- Installing: /home/sukira/ros/manchester/motrol_control/install/custom_interfaces/local/lib/python3.10/dist-packages/custom_interfaces
[2.660s] -- Installing: /home/sukira/ros/manchester/motrol_control/install/custom_interfaces/local/lib/python3.10/dist-packages/custom_interfaces/_custom_interfaces_s.ep.rosidl_typesupport_c.c
[2.660s] -- Installing: /home/sukira/ros/manchester/motrol_control/install/custom_interfaces/local/lib/python3.10/dist-packages/custom_interfaces/_custom_interfaces_s.ep.rosidl_typesupport_introspection_c.c
[2.660s] -- Installing: /home/sukira/ros/manchester/motrol_control/install/custom_interfaces/local/lib/python3.10/dist-packages/custom_interfaces/libcustom_interfaces__rosidl_generator_py.so
[2.661s] -- Installing: /home/sukira/ros/manchester/motrol_control/install/custom_interfaces/local/lib/python3.10/dist-packages/custom_interfaces/__init__.py
[2.661s] -- Installing: /home/sukira/ros/manchester/motrol_control/install/custom_interfaces/local/lib/python3.10/dist-packages/custom_interfaces/custom_interfaces_s__rosidl_typesupport_c.cpython-310-x86_64-linux-gnu.so
[2.661s] -- Installing: /home/sukira/ros/manchester/motrol_control/install/custom_interfaces/local/lib/python3.10/dist-packages/custom_interfaces/srv
[2.661s] -- Installing: /home/sukira/ros/manchester/motrol_control/install/custom_interfaces/local/lib/python3.10/dist-packages/custom_interfaces/srv/_set_process_bool.py
[2.661s] -- Installing: /home/sukira/ros/manchester/motrol_control/install/custom_interfaces/local/lib/python3.10/dist-packages/custom_interfaces/srv/_set_process_bool_s.c
[2.661s] -- Installing: /home/sukira/ros/manchester/motrol_control/install/custom_interfaces/local/lib/python3.10/dist-packages/custom_interfaces/srv/__init__.py
[2.661s] -- Installing: /home/sukira/ros/manchester/motrol_control/install/custom_interfaces/local/lib/python3.10/dist-packages/custom_interfaces/custom_interfaces_s__rosidl_typesupport_introspection_c.cpython-310-x86_64-linux-gnu.so
[2.661s] -- Installing: /home/sukira/ros/manchester/motrol_control/install/custom_interfaces/local/lib/python3.10/dist-packages/custom_interfaces/custom_interfaces_s__rosidl_typesupport_fastrtps_c.cpython-310-x86_64-linux-gnu.so
[2.661s] -- Installing: /home/sukira/ros/manchester/motrol_control/install/custom_interfaces/local/lib/python3.10/dist-packages/custom_interfaces/_custom_interfaces_s.ep.rosidl_typesupport_fastrtps_c.c
[2.683s] Listing '/home/sukira/ros/manchester/motrol_control/install/custom_interfaces/local/lib/python3.10/dist-packages/custom_interfaces'...
[2.683s] Compiling '/home/sukira/ros/manchester/motrol_control/install/custom_interfaces/local/lib/python3.10/dist-packages/custom_interfaces/__init__.py'...
[2.683s] Listing '/home/sukira/ros/manchester/motrol_control/install/custom_interfaces/local/lib/python3.10/dist-packages/custom_interfaces/srv'...
[2.684s] Compiling '/home/sukira/ros/manchester/motrol_control/install/custom_interfaces/local/lib/python3.10/dist-packages/custom_interfaces/srv/__init__.py'...
[2.684s] Compiling '/home/sukira/ros/manchester/motrol_control/install/custom_interfaces/local/lib/python3.10/dist-packages/custom_interfaces/srv/_set_process_bool.py'...
[2.686s] -- Installing: /home/sukira/ros/manchester/motrol_control/install/custom_interfaces/local/lib/python3.10/dist-packages/custom_interfaces/custom_interfaces_s__rosidl_typesupport_fastrtps_c.cpython-310-x86_64-linux-gnu.so
[2.687s] -- Set runtime path of "/home/sukira/ros/manchester/motrol_control/install/custom_interfaces/local/lib/python3.10/dist-packages/custom_interfaces/custom_interfaces_s__rosidl_typesupport_fastrtps_c.cpython-310-x86_64-linux-gnu.so" to ""
[2.687s] -- Installing: /home/sukira/ros/manchester/motrol_control/install/custom_interfaces/local/lib/python3.10/dist-packages/custom_interfaces/custom_interfaces_s__rosidl_typesupport_introspection_c.cpython-310-x86_64-linux-gnu.so
[2.687s] -- Set runtime path of "/home/sukira/ros/manchester/motrol_control/install/custom_interfaces/local/lib/python3.10/dist-packages/custom_interfaces/custom_interfaces_s__rosidl_typesupport_introspection_c.cpython-310-x86_64-linux-gnu.so" to ""
[2.687s] -- Installing: /home/sukira/ros/manchester/motrol_control/install/custom_interfaces/local/lib/python3.10/dist-packages/custom_interfaces/custom_interfaces_s__rosidl_typesupport_c.cpython-310-x86_64-linux-gnu.so
[2.687s] -- Set runtime path of "/home/sukira/ros/manchester/motrol_control/install/custom_interfaces/local/lib/python3.10/dist-packages/custom_interfaces/custom_interfaces_s__rosidl_typesupport_c.cpython-310-x86_64-linux-gnu.so" to ""
[2.688s] -- Installing: /home/sukira/ros/manchester/motrol_control/install/custom_interfaces/lib/libcustom_interfaces__rosidl_generator_py.so
[2.688s] -- Set runtime path of "/home/sukira/ros/manchester/motrol_control/install/custom_interfaces/lib/libcustom_interfaces__rosidl_generator_py.so" to ""
[2.688s] -- Installing: /home/sukira/ros/manchester/motrol_control/install/custom_interfaces/share/custom_interfaces/srv/SetProcessBool.idl
[2.688s] -- Installing: /home/sukira/ros/manchester/motrol_control/install/custom_interfaces/share/custom_interfaces/srv/SetProcessBool.srv
[2.688s] -- Installing: /home/sukira/ros/manchester/motrol_control/install/custom_interfaces/share/custom_interfaces/srv/SetProcessBool_Request.msg
[2.688s] -- Installing: /home/sukira/ros/manchester/motrol_control/install/custom_interfaces/share/custom_interfaces/srv/SetProcessBool_Response.msg
[2.688s] -- Installing: /home/sukira/ros/manchester/motrol_control/install/custom_interfaces/share/ament_index/resource_index/package_run_dependencies/custom_interfaces
[2.688s] -- Installing: /home/sukira/ros/manchester/motrol_control/install/custom_interfaces/share/ament_index/resource_index/parent_prefix_path/custom_interfaces
[2.688s] -- Installing: /home/sukira/ros/manchester/motrol_control/install/custom_interfaces/share/custom_interfaces/environment/ament_prefix_path.sh
[2.688s] -- Installing: /home/sukira/ros/manchester/motrol_control/install/custom_interfaces/share/custom_interfaces/environment/ament_prefix_path.dsv
[2.688s] -- Installing: /home/sukira/ros/manchester/motrol_control/install/custom_interfaces/share/custom_interfaces/environment/path.sh
[2.688s] -- Installing: /home/sukira/ros/manchester/motrol_control/install/custom_interfaces/share/custom_interfaces/environment/path.dsv
[2.689s] -- Installing: /home/sukira/ros/manchester/motrol_control/install/custom_interfaces/share/custom_interfaces/local_setup.bash
[2.689s] -- Installing: /home/sukira/ros/manchester/motrol_control/install/custom_interfaces/share/custom_interfaces/local_setup.sh
[2.689s] -- Installing: /home/sukira/ros/manchester/motrol_control/install/custom_interfaces/share/custom_interfaces/local_setup.zsh
[2.689s] -- Installing: /home/sukira/ros/manchester/motrol_control/install/custom_interfaces/share/custom_interfaces/local_setup.dsv
[2.689s] -- Installing: /home/sukira/ros/manchester/motrol_control/install/custom_interfaces/share/custom_interfaces/package.dsv
[2.689s] -- Installing: /home/sukira/ros/manchester/motrol_control/install/custom_interfaces/share/ament_index/resource_index/packages/custom_interfaces
[2.689s] -- Installing: /home/sukira/ros/manchester/motrol_control/install/custom_interfaces/share/custom_interfaces/cmake/export_custom_interfaces__rosidl_generator_cExport.cmake
[2.689s] -- Installing: /home/sukira/ros/manchester/motrol_control/install/custom_interfaces/share/custom_interfaces/cmake/export_custom_interfaces__rosidl_generator_cExport-noconfig.cmake
[2.689s] -- Installing: /home/sukira/ros/manchester/motrol_control/install/custom_interfaces/share/custom_interfaces/cmake/export_custom_interfaces__rosidl_typesupport_fastrtps_cExport.cmake
[2.690s] -- Installing: /home/sukira/ros/manchester/motrol_control/install/custom_interfaces/share/custom_interfaces/cmake/export_custom_interfaces__rosidl_typesupport_fastrtps_cExport-noconfig.cmake
[2.690s] -- Installing: /home/sukira/ros/manchester/motrol_control/install/custom_interfaces/share/custom_interfaces/cmake/export_custom_interfaces__rosidl_generator_cppExport.cmake
[2.690s] -- Installing: /home/sukira/ros/manchester/motrol_control/install/custom_interfaces/share/custom_interfaces/cmake/export_custom_interfaces__rosidl_typesupport_fastrtps_cppExport.cmake
[2.690s] -- Installing: /home/sukira/ros/manchester/motrol_control/install/custom_interfaces/share/custom_interfaces/cmake/export_custom_interfaces__rosidl_typesupport_fastrtps_cppExport-noconfig.cmake
[2.690s] -- Installing: /home/sukira/ros/manchester/motrol_control/install/custom_interfaces/share/custom_interfaces/cmake/custom_interfaces__rosidl_typesupport_introspection_cExport.cmake
[2.690s] -- Installing: /home/sukira/ros/manchester/motrol_control/install/custom_interfaces/share/custom_interfaces/cmake/custom_interfaces__rosidl_typesupport_introspection_cExport-noconfig.cmake
[2.690s] -- Installing: /home/sukira/ros/manchester/motrol_control/install/custom_interfaces/share/custom_interfaces/cmake/custom_interfaces__rosidl_typesupport_cExport.cmake
[2.690s] -- Installing: /home/sukira/ros/manchester/motrol_control/install/custom_interfaces/share/custom_interfaces/cmake/custom_interfaces__rosidl_typesupport_cExport-noconfig.cmake
[2.690s] -- Installing: /home/sukira/ros/manchester/motrol_control/install/custom_interfaces/share/custom_interfaces/cmake/custom_interfaces__rosidl_typesupport_introspection_cppExport.cmake
[2.690s] -- Installing: /home/sukira/ros/manchester/motrol_control/install/custom_interfaces/share/custom_interfaces/cmake/custom_interfaces__rosidl_typesupport_introspection_cppExport-noconfig.cmake
[2.691s] -- Installing: /home/sukira/ros/manchester/motrol_control/install/custom_interfaces/share/custom_interfaces/cmake/custom_interfaces__rosidl_typesupport_cppExport.cmake
[2.691s] -- Installing: /home/sukira/ros/manchester/motrol_control/install/custom_interfaces/share/custom_interfaces/cmake/custom_interfaces__rosidl_typesupport_cppExport-noconfig.cmake
[2.691s] -- Installing: /home/sukira/ros/manchester/motrol_control/install/custom_interfaces/share/custom_interfaces/cmake/export_custom_interfaces__rosidl_generator_pyExport.cmake
[2.691s] -- Installing: /home/sukira/ros/manchester/motrol_control/install/custom_interfaces/share/custom_interfaces/cmake/export_custom_interfaces__rosidl_generator_pyExport-noconfig.cmake
[2.691s] -- Installing: /home/sukira/ros/manchester/motrol_control/install/custom_interfaces/share/custom_interfaces/cmake/rosidl_cmake-extras.cmake
[2.691s] -- Installing: /home/sukira/ros/manchester/motrol_control/install/custom_interfaces/share/custom_interfaces/cmake/ament_cmake_export_dependencies-extras.cmake
[2.691s] -- Installing: /home/sukira/ros/manchester/motrol_control/install/custom_interfaces/share/custom_interfaces/cmake/ament_cmake_export_include_directories-extras.cmake
[2.691s] -- Installing: /home/sukira/ros/manchester/motrol_control/install/custom_interfaces/share/custom_interfaces/cmake/ament_cmake_export_libraries-extras.cmake
[2.691s] -- Installing: /home/sukira/ros/manchester/motrol_control/install/custom_interfaces/share/custom_interfaces/cmake/ament_cmake_export_targets-extras.cmake
[2.691s] -- Installing: /home/sukira/ros/manchester/motrol_control/install/custom_interfaces/share/custom_interfaces/cmake/rosidl_cmake_export_typesupport_targets-extras.cmake
[2.691s] -- Installing: /home/sukira/ros/manchester/motrol_control/install/custom_interfaces/share/custom_interfaces/cmake/rosidl_cmake_export_typesupport_libraries-extras.cmake
[2.692s] -- Installing: /home/sukira/ros/manchester/motrol_control/install/custom_interfaces/share/custom_interfaces/cmake/custom_interfacesConfig.cmake
[2.692s] -- Installing: /home/sukira/ros/manchester/motrol_control/install/custom_interfaces/share/custom_interfaces/cmake/custom_interfacesConfig-version.cmake
[2.692s] -- Installing: /home/sukira/ros/manchester/motrol_control/install/custom_interfaces/share/custom_interfaces/package.xml
[2.695s] Invoked command in '/home/sukira/ros/manchester/motrol_control/build/custom_interfaces' returned '0': CMAKE_PREFIX_PATH=/home/sukira/ros/manchester/motrol_control/install/motor_control:/opt/ros/humble /usr/bin/cmake --install /home/sukira/ros/manchester/motrol_control/build/custom_interfaces
