[0.365s] Invoking command in '/home/sukira/ros/manchester/motrol_control/src/motor_control': PYTHONPATH=/home/sukira/ros/manchester/motrol_control/build/motor_control/prefix_override:/usr/lib/python3/dist-packages/colcon_core/task/python/colcon_distutils_commands:/home/sukira/ros/manchester/motrol_control/install/motor_control/lib/python3.10/site-packages:${PYTHONPATH} /usr/bin/python3 -W ignore:setup.py install is deprecated -W ignore:easy_install command is deprecated setup.py egg_info --egg-base ../../build/motor_control build --build-base /home/sukira/ros/manchester/motrol_control/build/motor_control/build install --record /home/sukira/ros/manchester/motrol_control/build/motor_control/install.log --single-version-externally-managed install_data
[0.491s] running egg_info
[0.491s] writing ../../build/motor_control/motor_control.egg-info/PKG-INFO
[0.491s] writing dependency_links to ../../build/motor_control/motor_control.egg-info/dependency_links.txt
[0.491s] writing entry points to ../../build/motor_control/motor_control.egg-info/entry_points.txt
[0.492s] writing requirements to ../../build/motor_control/motor_control.egg-info/requires.txt
[0.492s] writing top-level names to ../../build/motor_control/motor_control.egg-info/top_level.txt
[0.492s] reading manifest file '../../build/motor_control/motor_control.egg-info/SOURCES.txt'
[0.493s] adding license file 'LICENSE'
[0.493s] writing manifest file '../../build/motor_control/motor_control.egg-info/SOURCES.txt'
[0.493s] running build
[0.493s] running build_py
[0.493s] copying motor_control/controller.py -> /home/sukira/ros/manchester/motrol_control/build/motor_control/build/lib/motor_control
[0.493s] running install
[0.493s] running install_lib
[0.494s] copying /home/sukira/ros/manchester/motrol_control/build/motor_control/build/lib/motor_control/controller.py -> /home/sukira/ros/manchester/motrol_control/install/motor_control/lib/python3.10/site-packages/motor_control
[0.494s] byte-compiling /home/sukira/ros/manchester/motrol_control/install/motor_control/lib/python3.10/site-packages/motor_control/controller.py to controller.cpython-310.pyc
[0.495s] running install_data
[0.495s] running install_egg_info
[0.495s] removing '/home/sukira/ros/manchester/motrol_control/install/motor_control/lib/python3.10/site-packages/motor_control-0.0.0-py3.10.egg-info' (and everything under it)
[0.496s] Copying ../../build/motor_control/motor_control.egg-info to /home/sukira/ros/manchester/motrol_control/install/motor_control/lib/python3.10/site-packages/motor_control-0.0.0-py3.10.egg-info
[0.496s] running install_scripts
[0.508s] Installing controller script to /home/sukira/ros/manchester/motrol_control/install/motor_control/lib/motor_control
[0.508s] Installing dc_motor script to /home/sukira/ros/manchester/motrol_control/install/motor_control/lib/motor_control
[0.508s] Installing set_point script to /home/sukira/ros/manchester/motrol_control/install/motor_control/lib/motor_control
[0.508s] writing list of installed files to '/home/sukira/ros/manchester/motrol_control/build/motor_control/install.log'
[0.524s] Invoked command in '/home/sukira/ros/manchester/motrol_control/src/motor_control' returned '0': PYTHONPATH=/home/sukira/ros/manchester/motrol_control/build/motor_control/prefix_override:/usr/lib/python3/dist-packages/colcon_core/task/python/colcon_distutils_commands:/home/sukira/ros/manchester/motrol_control/install/motor_control/lib/python3.10/site-packages:${PYTHONPATH} /usr/bin/python3 -W ignore:setup.py install is deprecated -W ignore:easy_install command is deprecated setup.py egg_info --egg-base ../../build/motor_control build --build-base /home/sukira/ros/manchester/motrol_control/build/motor_control/build install --record /home/sukira/ros/manchester/motrol_control/build/motor_control/install.log --single-version-externally-managed install_data
